  [1m[36m (1.2ms)[0m  [1mCREATE TABLE "schema_migrations" ("version" varchar NOT NULL) [0m
  [1m[35m (0.0ms)[0m  select sqlite_version(*)
  [1m[36m (1.0ms)[0m  [1mCREATE UNIQUE INDEX "unique_schema_migrations" ON "schema_migrations" ("version")[0m
  [1m[35mActiveRecord::SchemaMigration Load (0.1ms)[0m  SELECT "schema_migrations".* FROM "schema_migrations"
  [1m[36mActiveRecord::SchemaMigration Load (0.1ms)[0m  [1mSELECT "schema_migrations".* FROM "schema_migrations"[0m
Migrating to CreatePosts (20151230232412)
  [1m[35m (0.1ms)[0m  begin transaction
  [1m[36m (0.4ms)[0m  [1mCREATE TABLE "posts" ("id" INTEGER PRIMARY KEY AUTOINCREMENT NOT NULL, "title" varchar, "description" text, "created_at" datetime NOT NULL, "updated_at" datetime NOT NULL) [0m
  [1m[35mSQL (0.2ms)[0m  INSERT INTO "schema_migrations" ("version") VALUES (?)  [["version", "20151230232412"]]
  [1m[36m (1.3ms)[0m  [1mcommit transaction[0m
  [1m[35mActiveRecord::SchemaMigration Load (0.1ms)[0m  SELECT "schema_migrations".* FROM "schema_migrations"


Started GET "/posts/new" for ::1 at 2015-12-31 13:44:56 -0600
  [1m[36mActiveRecord::SchemaMigration Load (0.1ms)[0m  [1mSELECT "schema_migrations".* FROM "schema_migrations"[0m
Processing by PostsController#new as HTML
  Rendered posts/new.html.erb within layouts/application (2.1ms)
Completed 200 OK in 347ms (Views: 326.8ms | ActiveRecord: 0.2ms)


Started GET "/assets/application.self-e80e8f2318043e8af94dddc2adad5a4f09739a8ebb323b3ab31cd71d45fd9113.css?body=1" for ::1 at 2015-12-31 13:44:57 -0600


Started GET "/assets/application.self-3b8dabdc891efe46b9a144b400ad69e37d7e5876bdc39dee783419a69d7ca819.js?body=1" for ::1 at 2015-12-31 13:44:57 -0600


Started POST "/posts" for ::1 at 2015-12-31 13:45:03 -0600
Processing by PostsController#create as HTML
  Parameters: {"utf8"=>"✓", "authenticity_token"=>"mFCuNJP5reOW19phdr4zXRLzOMo4NZQ3wneiVR+RO/+owIoDiOxh24iHKkZ7DGazxbSIoRmvIOmJgA4gog1sGg==", "title"=>"Rails Introduction Quiz", "description"=>"asdfasdf", "commit"=>"Submit Post"}
  [1m[35m (0.1ms)[0m  begin transaction
  [1m[36mSQL (0.4ms)[0m  [1mINSERT INTO "posts" ("title", "description", "created_at", "updated_at") VALUES (?, ?, ?, ?)[0m  [["title", "Rails Introduction Quiz"], ["description", "asdfasdf"], ["created_at", "2015-12-31 19:45:03.614973"], ["updated_at", "2015-12-31 19:45:03.614973"]]
  [1m[35m (1.2ms)[0m  commit transaction
Redirected to http://localhost:3000/posts/1
Completed 302 Found in 22ms (ActiveRecord: 1.7ms)


Started GET "/posts/1" for ::1 at 2015-12-31 13:45:03 -0600
Processing by PostsController#show as HTML
  Parameters: {"id"=>"1"}
  [1m[36mPost Load (0.2ms)[0m  [1mSELECT  "posts".* FROM "posts" WHERE "posts"."id" = ? LIMIT 1[0m  [["id", 1]]
  Rendered posts/show.html.erb within layouts/application (0.4ms)
Completed 200 OK in 27ms (Views: 10.4ms | ActiveRecord: 0.2ms)
  [1m[35m (0.1ms)[0m  [1m[36mbegin transaction[0m
  [1m[35mSQL (0.2ms)[0m  [1m[32mINSERT INTO "posts" ("title", "description", "created_at", "updated_at") VALUES (?, ?, ?, ?)[0m  [["title", "Title Goes Here"], ["description", "Desc goes here..."], ["created_at", "2021-03-14 08:29:07.403984"], ["updated_at", "2021-03-14 08:29:07.403984"]]
  [1m[35m (4.2ms)[0m  [1m[36mcommit transaction[0m
Started GET "/" for 127.0.0.1 at 2021-03-14 03:36:05 -0500
  [1m[36mActiveRecord::SchemaMigration Load (0.1ms)[0m  [1m[34mSELECT "schema_migrations".* FROM "schema_migrations"[0m
Processing by Rails::WelcomeController#index as HTML
  Parameters: {"internal"=>true}
  Rendering /usr/share/rvm/gems/ruby-2.6.1/gems/railties-5.0.7.2/lib/rails/templates/rails/welcome/index.html.erb
  Rendered /usr/share/rvm/gems/ruby-2.6.1/gems/railties-5.0.7.2/lib/rails/templates/rails/welcome/index.html.erb (1.7ms)
Completed 200 OK in 9ms (Views: 4.3ms | ActiveRecord: 0.0ms)


Started GET "/posts/new" for 127.0.0.1 at 2021-03-14 03:36:10 -0500
Processing by PostsController#new as HTML
  Rendering posts/new.html.erb within layouts/application
  Rendered posts/new.html.erb within layouts/application (2.0ms)
Completed 200 OK in 185ms (Views: 182.4ms | ActiveRecord: 0.2ms)


Started POST "/posts" for 127.0.0.1 at 2021-03-14 03:37:47 -0500
Processing by PostsController#create as HTML
  Parameters: {"utf8"=>"✓", "authenticity_token"=>"/JUVrU4C7wVBSsmxyUGM027biOuX9UHTe4do/7Z3pQGGOPUyzFJg0iwRYeK4O02HABh7yjSVk/EceXDhujpsag==", "title"=>"test", "description"=>"test", "commit"=>"Submit Post"}
  [1m[35m (0.0ms)[0m  [1m[36mbegin transaction[0m
  [1m[35mSQL (0.2ms)[0m  [1m[32mINSERT INTO "posts" ("title", "description", "created_at", "updated_at") VALUES (?, ?, ?, ?)[0m  [["title", "test"], ["description", "test"], ["created_at", "2021-03-14 08:37:47.220098"], ["updated_at", "2021-03-14 08:37:47.220098"]]
  [1m[35m (4.5ms)[0m  [1m[36mcommit transaction[0m
No template found for PostsController#create, rendering head :no_content
Completed 204 No Content in 11ms (ActiveRecord: 4.7ms)


Started GET "/posts/new" for 127.0.0.1 at 2021-03-14 03:38:00 -0500
Processing by PostsController#new as HTML
  Rendering posts/new.html.erb within layouts/application
  Rendered posts/new.html.erb within layouts/application (0.5ms)
Completed 200 OK in 6ms (Views: 5.8ms | ActiveRecord: 0.0ms)


Started POST "/posts" for 127.0.0.1 at 2021-03-14 03:38:02 -0500
Processing by PostsController#create as HTML
  Parameters: {"utf8"=>"✓", "authenticity_token"=>"4vauTIRlybiFHzHkQ85tOQZiFUQHmcy9n4xFyn+AeXGYW07TBjVGb+hEmbcytKxtaKHmZaT5Hp/4cl3Uc82wGg==", "title"=>"test", "description"=>"test", "commit"=>"Submit Post"}
  [1m[35m (0.1ms)[0m  [1m[36mbegin transaction[0m
  [1m[35mSQL (0.1ms)[0m  [1m[32mINSERT INTO "posts" ("title", "description", "created_at", "updated_at") VALUES (?, ?, ?, ?)[0m  [["title", "test"], ["description", "test"], ["created_at", "2021-03-14 08:38:02.095614"], ["updated_at", "2021-03-14 08:38:02.095614"]]
  [1m[35m (3.7ms)[0m  [1m[36mcommit transaction[0m
No template found for PostsController#create, rendering head :no_content
Completed 204 No Content in 10ms (ActiveRecord: 4.0ms)


  [1m[36mPost Load (0.7ms)[0m  [1m[34mSELECT "posts".* FROM "posts"[0m
  [1m[36mPost Load (0.1ms)[0m  [1m[34mSELECT  "posts".* FROM "posts" ORDER BY "posts"."id" DESC LIMIT ?[0m  [["LIMIT", 1]]
Started GET "/posts/new" for 127.0.0.1 at 2021-03-14 03:44:04 -0500
  [1m[36mActiveRecord::SchemaMigration Load (0.1ms)[0m  [1m[34mSELECT "schema_migrations".* FROM "schema_migrations"[0m
Processing by PostsController#new as HTML
  Rendering posts/new.html.erb within layouts/application
  Rendered posts/new.html.erb within layouts/application (2.1ms)
Completed 200 OK in 123ms (Views: 116.4ms | ActiveRecord: 0.3ms)


Started POST "/posts" for 127.0.0.1 at 2021-03-14 03:44:06 -0500
Processing by PostsController#create as HTML
  Parameters: {"utf8"=>"✓", "authenticity_token"=>"omtSVx972Pu80DKiO6mVfJpeoHJ4MXSAHyQSH9e8S17YxrLInStXLNGLmvFK01Qo9J1TU9tRpqJ42goB2/GCNQ==", "title"=>"", "description"=>"", "commit"=>"Submit Post"}
  [1m[35m (0.1ms)[0m  [1m[36mbegin transaction[0m
  [1m[35mSQL (0.1ms)[0m  [1m[32mINSERT INTO "posts" ("title", "description", "created_at", "updated_at") VALUES (?, ?, ?, ?)[0m  [["title", ""], ["description", ""], ["created_at", "2021-03-14 08:44:06.088573"], ["updated_at", "2021-03-14 08:44:06.088573"]]
  [1m[35m (3.4ms)[0m  [1m[36mcommit transaction[0m
Redirected to http://localhost:3000/posts/5
Completed 302 Found in 5ms (ActiveRecord: 3.6ms)


Started GET "/posts/5" for 127.0.0.1 at 2021-03-14 03:44:06 -0500
Processing by PostsController#show as HTML
  Parameters: {"id"=>"5"}
  [1m[36mPost Load (0.1ms)[0m  [1m[34mSELECT  "posts".* FROM "posts" WHERE "posts"."id" = ? LIMIT ?[0m  [["id", 5], ["LIMIT", 1]]
  Rendering posts/show.html.erb within layouts/application
  Rendered posts/show.html.erb within layouts/application (0.3ms)
Completed 200 OK in 8ms (Views: 5.3ms | ActiveRecord: 0.1ms)


Started GET "/posts/5" for 127.0.0.1 at 2021-03-14 03:44:11 -0500
Processing by PostsController#show as HTML
  Parameters: {"id"=>"5"}
  [1m[36mPost Load (0.1ms)[0m  [1m[34mSELECT  "posts".* FROM "posts" WHERE "posts"."id" = ? LIMIT ?[0m  [["id", 5], ["LIMIT", 1]]
  Rendering posts/show.html.erb within layouts/application
  Rendered posts/show.html.erb within layouts/application (0.2ms)
Completed 200 OK in 6ms (Views: 5.6ms | ActiveRecord: 0.1ms)


Started GET "/posts/new" for 127.0.0.1 at 2021-03-14 03:44:16 -0500
Processing by PostsController#new as HTML
  Rendering posts/new.html.erb within layouts/application
  Rendered posts/new.html.erb within layouts/application (0.4ms)
Completed 200 OK in 6ms (Views: 5.9ms | ActiveRecord: 0.0ms)


Started POST "/posts" for 127.0.0.1 at 2021-03-14 03:44:19 -0500
Processing by PostsController#create as HTML
  Parameters: {"utf8"=>"✓", "authenticity_token"=>"24fKt0l1OEeFyM375xSYaawMay2JDdnN6AlNDw9K5CWhKiooyyW3kOiTZaiWblk9ws+YDCptC++P91URAwctTg==", "title"=>"test", "description"=>"test", "commit"=>"Submit Post"}
  [1m[35m (0.0ms)[0m  [1m[36mbegin transaction[0m
  [1m[35mSQL (0.1ms)[0m  [1m[32mINSERT INTO "posts" ("title", "description", "created_at", "updated_at") VALUES (?, ?, ?, ?)[0m  [["title", "test"], ["description", "test"], ["created_at", "2021-03-14 08:44:19.466670"], ["updated_at", "2021-03-14 08:44:19.466670"]]
  [1m[35m (4.1ms)[0m  [1m[36mcommit transaction[0m
Redirected to http://localhost:3000/posts/6
Completed 302 Found in 6ms (ActiveRecord: 4.3ms)


Started GET "/posts/6" for 127.0.0.1 at 2021-03-14 03:44:19 -0500
Processing by PostsController#show as HTML
  Parameters: {"id"=>"6"}
  [1m[36mPost Load (0.1ms)[0m  [1m[34mSELECT  "posts".* FROM "posts" WHERE "posts"."id" = ? LIMIT ?[0m  [["id", 6], ["LIMIT", 1]]
  Rendering posts/show.html.erb within layouts/application
  Rendered posts/show.html.erb within layouts/application (0.2ms)
Completed 200 OK in 7ms (Views: 6.1ms | ActiveRecord: 0.1ms)


Started POST "/posts" for 127.0.0.1 at 2021-03-14 03:44:23 -0500
Processing by PostsController#create as HTML
  Parameters: {"utf8"=>"✓", "authenticity_token"=>"24fKt0l1OEeFyM375xSYaawMay2JDdnN6AlNDw9K5CWhKiooyyW3kOiTZaiWblk9ws+YDCptC++P91URAwctTg==", "title"=>"test", "description"=>"test", "commit"=>"Submit Post"}
  [1m[35m (0.0ms)[0m  [1m[36mbegin transaction[0m
  [1m[35mSQL (0.1ms)[0m  [1m[32mINSERT INTO "posts" ("title", "description", "created_at", "updated_at") VALUES (?, ?, ?, ?)[0m  [["title", "test"], ["description", "test"], ["created_at", "2021-03-14 08:44:23.048506"], ["updated_at", "2021-03-14 08:44:23.048506"]]
  [1m[35m (4.1ms)[0m  [1m[36mcommit transaction[0m
Redirected to http://localhost:3000/posts/7
Completed 302 Found in 6ms (ActiveRecord: 4.2ms)


Started GET "/posts/7" for 127.0.0.1 at 2021-03-14 03:44:23 -0500
Processing by PostsController#show as HTML
  Parameters: {"id"=>"7"}
  [1m[36mPost Load (0.1ms)[0m  [1m[34mSELECT  "posts".* FROM "posts" WHERE "posts"."id" = ? LIMIT ?[0m  [["id", 7], ["LIMIT", 1]]
  Rendering posts/show.html.erb within layouts/application
  Rendered posts/show.html.erb within layouts/application (0.3ms)
Completed 200 OK in 7ms (Views: 5.8ms | ActiveRecord: 0.1ms)


Started POST "/posts" for 127.0.0.1 at 2021-03-14 03:44:26 -0500
Processing by PostsController#create as HTML
  Parameters: {"utf8"=>"✓", "authenticity_token"=>"24fKt0l1OEeFyM375xSYaawMay2JDdnN6AlNDw9K5CWhKiooyyW3kOiTZaiWblk9ws+YDCptC++P91URAwctTg==", "title"=>"test", "description"=>"test", "commit"=>"Submit Post"}
  [1m[35m (0.0ms)[0m  [1m[36mbegin transaction[0m
  [1m[35mSQL (0.1ms)[0m  [1m[32mINSERT INTO "posts" ("title", "description", "created_at", "updated_at") VALUES (?, ?, ?, ?)[0m  [["title", "test"], ["description", "test"], ["created_at", "2021-03-14 08:44:26.909168"], ["updated_at", "2021-03-14 08:44:26.909168"]]
  [1m[35m (3.4ms)[0m  [1m[36mcommit transaction[0m
Redirected to http://localhost:3000/posts/8
Completed 302 Found in 5ms (ActiveRecord: 3.5ms)


Started GET "/posts/8" for 127.0.0.1 at 2021-03-14 03:44:26 -0500
Processing by PostsController#show as HTML
  Parameters: {"id"=>"8"}
  [1m[36mPost Load (0.1ms)[0m  [1m[34mSELECT  "posts".* FROM "posts" WHERE "posts"."id" = ? LIMIT ?[0m  [["id", 8], ["LIMIT", 1]]
  Rendering posts/show.html.erb within layouts/application
  Rendered posts/show.html.erb within layouts/application (0.3ms)
Completed 200 OK in 7ms (Views: 5.7ms | ActiveRecord: 0.1ms)


Started POST "/posts" for 127.0.0.1 at 2021-03-14 03:44:28 -0500
Processing by PostsController#create as HTML
  Parameters: {"utf8"=>"✓", "authenticity_token"=>"24fKt0l1OEeFyM375xSYaawMay2JDdnN6AlNDw9K5CWhKiooyyW3kOiTZaiWblk9ws+YDCptC++P91URAwctTg==", "title"=>"test", "description"=>"test", "commit"=>"Submit Post"}
  [1m[35m (0.0ms)[0m  [1m[36mbegin transaction[0m
  [1m[35mSQL (0.1ms)[0m  [1m[32mINSERT INTO "posts" ("title", "description", "created_at", "updated_at") VALUES (?, ?, ?, ?)[0m  [["title", "test"], ["description", "test"], ["created_at", "2021-03-14 08:44:28.762461"], ["updated_at", "2021-03-14 08:44:28.762461"]]
  [1m[35m (4.4ms)[0m  [1m[36mcommit transaction[0m
Redirected to http://localhost:3000/posts/9
Completed 302 Found in 6ms (ActiveRecord: 4.5ms)


Started GET "/posts/9" for 127.0.0.1 at 2021-03-14 03:44:28 -0500
Processing by PostsController#show as HTML
  Parameters: {"id"=>"9"}
  [1m[36mPost Load (0.1ms)[0m  [1m[34mSELECT  "posts".* FROM "posts" WHERE "posts"."id" = ? LIMIT ?[0m  [["id", 9], ["LIMIT", 1]]
  Rendering posts/show.html.erb within layouts/application
  Rendered posts/show.html.erb within layouts/application (0.3ms)
Completed 200 OK in 7ms (Views: 6.2ms | ActiveRecord: 0.1ms)


Started POST "/posts" for 127.0.0.1 at 2021-03-14 03:44:31 -0500
Processing by PostsController#create as HTML
  Parameters: {"utf8"=>"✓", "authenticity_token"=>"24fKt0l1OEeFyM375xSYaawMay2JDdnN6AlNDw9K5CWhKiooyyW3kOiTZaiWblk9ws+YDCptC++P91URAwctTg==", "title"=>"test", "description"=>"test", "commit"=>"Submit Post"}
  [1m[35m (0.0ms)[0m  [1m[36mbegin transaction[0m
  [1m[35mSQL (0.1ms)[0m  [1m[32mINSERT INTO "posts" ("title", "description", "created_at", "updated_at") VALUES (?, ?, ?, ?)[0m  [["title", "test"], ["description", "test"], ["created_at", "2021-03-14 08:44:31.240393"], ["updated_at", "2021-03-14 08:44:31.240393"]]
  [1m[35m (3.3ms)[0m  [1m[36mcommit transaction[0m
Redirected to http://localhost:3000/posts/10
Completed 302 Found in 5ms (ActiveRecord: 3.5ms)


Started GET "/posts/10" for 127.0.0.1 at 2021-03-14 03:44:31 -0500
Processing by PostsController#show as HTML
  Parameters: {"id"=>"10"}
  [1m[36mPost Load (0.1ms)[0m  [1m[34mSELECT  "posts".* FROM "posts" WHERE "posts"."id" = ? LIMIT ?[0m  [["id", 10], ["LIMIT", 1]]
  Rendering posts/show.html.erb within layouts/application
  Rendered posts/show.html.erb within layouts/application (0.3ms)
Completed 200 OK in 7ms (Views: 5.8ms | ActiveRecord: 0.1ms)


Started POST "/posts" for 127.0.0.1 at 2021-03-14 03:44:49 -0500
Processing by PostsController#create as HTML
  Parameters: {"utf8"=>"✓", "authenticity_token"=>"24fKt0l1OEeFyM375xSYaawMay2JDdnN6AlNDw9K5CWhKiooyyW3kOiTZaiWblk9ws+YDCptC++P91URAwctTg==", "title"=>"title", "description"=>"title", "commit"=>"Submit Post"}
  [1m[35m (0.0ms)[0m  [1m[36mbegin transaction[0m
  [1m[35mSQL (0.1ms)[0m  [1m[32mINSERT INTO "posts" ("title", "description", "created_at", "updated_at") VALUES (?, ?, ?, ?)[0m  [["title", "title"], ["description", "title"], ["created_at", "2021-03-14 08:44:49.700953"], ["updated_at", "2021-03-14 08:44:49.700953"]]
  [1m[35m (5.3ms)[0m  [1m[36mcommit transaction[0m
Redirected to http://localhost:3000/posts/11
Completed 302 Found in 7ms (ActiveRecord: 5.4ms)


Started GET "/posts/11" for 127.0.0.1 at 2021-03-14 03:44:49 -0500
Processing by PostsController#show as HTML
  Parameters: {"id"=>"11"}
  [1m[36mPost Load (0.1ms)[0m  [1m[34mSELECT  "posts".* FROM "posts" WHERE "posts"."id" = ? LIMIT ?[0m  [["id", 11], ["LIMIT", 1]]
  Rendering posts/show.html.erb within layouts/application
  Rendered posts/show.html.erb within layouts/application (0.3ms)
Completed 200 OK in 7ms (Views: 5.8ms | ActiveRecord: 0.1ms)


